mode: set
rtb-generator/generator.go:30.24,32.2 1 1
rtb-generator/generator.go:34.44,36.2 1 1
rtb-generator/generator.go:38.34,39.16 1 1
rtb-generator/generator.go:39.16,41.3 1 0
rtb-generator/generator.go:42.2,42.35 1 1
rtb-generator/generator.go:45.44,46.23 1 1
rtb-generator/generator.go:46.23,48.3 1 0
rtb-generator/generator.go:49.2,49.41 1 1
rtb-generator/generator.go:52.41,53.23 1 1
rtb-generator/generator.go:53.23,55.3 1 0
rtb-generator/generator.go:56.2,56.41 1 1
rtb-generator/generator.go:59.24,61.2 1 1
rtb-generator/generator.go:63.25,65.2 1 1
rtb-generator/generator.go:68.31,92.18 4 1
rtb-generator/generator.go:92.18,95.3 2 1
rtb-generator/generator.go:97.2,97.15 1 1
rtb-generator/generator.go:101.29,123.18 4 1
rtb-generator/generator.go:123.18,127.3 3 1
rtb-generator/generator.go:129.2,129.14 1 1
rtb-generator/generator.go:133.29,145.2 1 1
rtb-generator/generator.go:148.31,178.2 3 1
rtb-generator/generator.go:181.69,191.18 2 1
rtb-generator/generator.go:191.18,194.3 2 1
rtb-generator/generator.go:197.2,197.17 1 1
rtb-generator/generator.go:198.16,199.32 1 1
rtb-generator/generator.go:200.15,201.30 1 1
rtb-generator/generator.go:202.15,203.30 1 1
rtb-generator/generator.go:204.16,205.32 1 1
rtb-generator/generator.go:206.10,210.31 3 1
rtb-generator/generator.go:210.31,212.4 1 1
rtb-generator/generator.go:212.9,214.4 1 1
rtb-generator/generator.go:217.2,217.12 1 1
rtb-generator/generator.go:221.27,256.18 5 1
rtb-generator/generator.go:256.18,258.3 1 1
rtb-generator/generator.go:260.2,260.18 1 1
rtb-generator/generator.go:260.18,267.3 1 1
rtb-generator/generator.go:269.2,269.13 1 1
rtb-generator/generator.go:273.25,292.25 6 1
rtb-generator/generator.go:292.25,294.3 1 1
rtb-generator/generator.go:294.8,296.3 1 1
rtb-generator/generator.go:298.2,314.18 2 1
rtb-generator/generator.go:314.18,321.3 1 1
rtb-generator/generator.go:323.2,323.12 1 1
rtb-generator/generator.go:327.53,334.17 6 1
rtb-generator/generator.go:334.17,336.3 1 1
rtb-generator/generator.go:336.8,338.3 1 1
rtb-generator/generator.go:340.2,344.31 4 1
rtb-generator/generator.go:344.31,346.3 1 1
rtb-generator/generator.go:348.2,369.18 2 1
rtb-generator/generator.go:369.18,371.3 1 1
rtb-generator/generator.go:374.2,374.18 1 1
rtb-generator/generator.go:374.18,376.3 1 1
rtb-generator/generator.go:379.2,379.54 1 1
rtb-generator/generator.go:379.54,383.3 3 1
rtb-generator/generator.go:385.2,385.15 1 1
rtb-generator/generator.go:388.41,389.12 1 1
rtb-generator/generator.go:390.13,391.137 1 1
rtb-generator/generator.go:392.17,393.103 1 1
rtb-generator/generator.go:394.17,395.72 1 1
rtb-generator/generator.go:396.15,397.128 1 1
rtb-generator/generator.go:398.10,399.64 1 1
rtb-generator/generator.go:404.25,436.2 3 1
rtb-generator/generator.go:439.27,447.18 2 1
rtb-generator/generator.go:447.18,455.3 1 1
rtb-generator/generator.go:458.2,458.18 1 1
rtb-generator/generator.go:458.18,472.3 1 1
rtb-generator/generator.go:474.2,474.13 1 1
rtb-generator/generator.go:478.27,482.2 1 1
rtb-generator/generator.go:485.79,487.2 1 1
rtb-generator/generator.go:489.113,500.21 2 1
rtb-generator/generator.go:500.21,502.3 1 0
rtb-generator/generator.go:505.2,507.38 3 1
rtb-generator/generator.go:507.38,509.3 1 1
rtb-generator/generator.go:512.2,512.21 1 1
rtb-generator/generator.go:513.14,514.28 1 1
rtb-generator/generator.go:515.13,516.26 1 1
rtb-generator/generator.go:517.10,519.19 1 1
rtb-generator/generator.go:519.19,521.4 1 1
rtb-generator/generator.go:521.9,523.4 1 1
rtb-generator/generator.go:527.2,527.18 1 1
rtb-generator/generator.go:527.18,529.3 1 1
rtb-generator/generator.go:531.2,531.18 1 1
rtb-generator/generator.go:531.18,533.3 1 1
rtb-generator/generator.go:535.2,535.12 1 1
rtb-generator/generator.go:539.81,541.29 2 1
rtb-generator/generator.go:541.29,543.3 1 1
rtb-generator/generator.go:544.2,544.17 1 1
rtb-generator/generator.go:548.54,550.16 2 1
rtb-generator/generator.go:550.16,552.3 1 1
rtb-generator/generator.go:553.2,553.60 1 1
rtb-generator/generator.go:557.48,563.2 1 1
rtb-generator/generator.go:567.87,569.63 2 1
rtb-generator/generator.go:569.63,570.50 1 1
rtb-generator/generator.go:570.50,572.4 1 1
rtb-generator/generator.go:575.2,577.27 2 1
rtb-generator/generator.go:578.18,579.33 1 1
rtb-generator/generator.go:580.19,581.28 1 1
rtb-generator/generator.go:584.2,591.12 3 1
rtb-generator/main.go:18.13,38.17 15 0
rtb-generator/main.go:38.17,41.3 2 0
rtb-generator/main.go:44.2,44.14 1 0
rtb-generator/main.go:44.14,46.3 1 0
rtb-generator/main.go:46.8,48.3 1 0
rtb-generator/main.go:50.2,50.15 1 0
rtb-generator/main.go:50.15,53.3 2 0
rtb-generator/main.go:55.2,58.17 3 0
rtb-generator/main.go:58.17,60.17 2 0
rtb-generator/main.go:60.17,63.4 2 0
rtb-generator/main.go:64.3,64.26 1 0
rtb-generator/main.go:67.2,67.30 1 0
rtb-generator/main.go:67.30,73.3 5 0
rtb-generator/main.go:76.81,78.16 2 0
rtb-generator/main.go:78.16,80.3 1 0
rtb-generator/main.go:82.2,88.65 6 0
rtb-generator/main.go:88.65,90.3 1 0
rtb-generator/main.go:94.55,96.21 2 1
rtb-generator/main.go:96.21,98.3 1 1
rtb-generator/main.go:99.2,100.26 2 1
rtb-generator/main.go:100.26,102.17 2 1
rtb-generator/main.go:102.17,104.4 1 1
rtb-generator/main.go:105.3,105.14 1 1
rtb-generator/main.go:107.2,107.94 1 1
rtb-generator/main.go:110.21,140.2 24 0
rtb-generator/main.go:142.31,146.17 3 0
rtb-generator/main.go:146.17,148.3 1 0
rtb-generator/main.go:148.8,150.3 1 0
rtb-generator/main.go:152.2,152.16 1 0
rtb-generator/main.go:152.16,155.3 2 0
rtb-generator/main.go:156.2,156.27 1 0
rtb-generator/scheduler.go:20.87,27.2 1 1
rtb-generator/scheduler.go:30.30,34.6 4 1
rtb-generator/scheduler.go:34.6,35.10 1 1
rtb-generator/scheduler.go:36.24,37.13 1 0
rtb-generator/scheduler.go:38.18,40.10 2 1
rtb-generator/scheduler.go:45.29,47.2 1 1
rtb-generator/scheduler.go:49.41,51.21 2 1
rtb-generator/scheduler.go:51.21,53.3 1 1
rtb-generator/scheduler.go:54.2,55.29 2 1
rtb-generator/scheduler.go:55.29,56.55 1 1
rtb-generator/scheduler.go:56.55,58.4 1 0
rtb-generator/scheduler.go:62.71,63.53 1 1
rtb-generator/scheduler.go:63.53,65.3 1 1
rtb-generator/scheduler.go:67.2,71.16 3 1
rtb-generator/scheduler.go:71.16,73.3 1 1
rtb-generator/scheduler.go:74.2,78.34 3 1
rtb-generator/scheduler.go:78.34,82.17 4 1
rtb-generator/scheduler.go:82.17,84.4 1 0
rtb-generator/scheduler.go:85.3,86.20 2 1
rtb-generator/scheduler.go:89.2,89.34 1 1
rtb-generator/scheduler.go:89.34,91.3 1 0
rtb-generator/scheduler.go:92.2,93.12 2 1
rtb-generator/server.go:14.42,16.2 1 1
rtb-generator/server.go:18.41,25.2 6 1
rtb-generator/server.go:38.69,40.61 2 1
rtb-generator/server.go:40.61,43.3 2 1
rtb-generator/server.go:44.2,44.55 1 1
rtb-generator/server.go:44.55,47.3 2 1
rtb-generator/server.go:48.2,60.42 2 1
rtb-generator/server.go:60.42,63.3 2 1
rtb-generator/server.go:64.2,67.33 4 1
rtb-generator/server.go:70.61,71.29 1 1
rtb-generator/server.go:71.29,73.3 1 1
rtb-generator/server.go:74.2,74.52 1 1
rtb-generator/server.go:74.52,76.3 1 1
rtb-generator/server.go:77.2,77.39 1 1
rtb-generator/server.go:77.39,79.3 1 1
rtb-generator/server.go:80.2,80.20 1 1
rtb-generator/server.go:80.20,82.3 1 1
rtb-generator/server.go:83.2,83.26 1 1
rtb-generator/server.go:84.18,85.26 1 1
rtb-generator/server.go:85.26,87.4 1 1
rtb-generator/server.go:88.19,89.20 1 1
rtb-generator/server.go:89.20,91.4 1 1
rtb-generator/server.go:92.20,93.26 1 1
rtb-generator/server.go:93.26,95.4 1 1
rtb-generator/server.go:96.3,96.48 1 1
rtb-generator/server.go:96.48,98.4 1 1
rtb-generator/server.go:99.10,100.67 1 1
rtb-generator/server.go:102.2,102.12 1 1
rtb-generator/server.go:105.69,107.25 2 1
rtb-generator/server.go:107.25,110.3 2 1
rtb-generator/server.go:111.2,111.37 1 1
rtb-generator/server.go:114.68,118.2 3 1
rtb-generator/server.go:120.66,123.9 3 1
rtb-generator/server.go:123.9,126.3 2 1
rtb-generator/server.go:127.2,128.33 2 1
rtb-generator/task.go:20.55,21.29 1 1
rtb-generator/task.go:21.29,23.3 1 1
rtb-generator/task.go:24.2,24.26 1 1
rtb-generator/task.go:24.26,26.3 1 1
rtb-generator/task.go:27.2,27.25 1 1
rtb-generator/task.go:53.56,54.25 1 1
rtb-generator/task.go:54.25,56.3 1 1
rtb-generator/task.go:57.2,57.59 1 1
rtb-generator/task.go:57.59,59.3 1 1
rtb-generator/task.go:60.2,63.30 4 1
rtb-generator/task.go:63.30,64.21 1 1
rtb-generator/task.go:64.21,66.4 1 0
rtb-generator/task.go:67.3,67.21 1 1
rtb-generator/task.go:67.21,69.4 1 1
rtb-generator/task.go:70.3,70.21 1 1
rtb-generator/task.go:70.21,72.4 1 0
rtb-generator/task.go:73.3,73.21 1 1
rtb-generator/task.go:73.21,75.4 1 1
rtb-generator/task.go:77.2,77.90 1 1
rtb-generator/task.go:101.56,106.37 2 1
rtb-generator/task.go:106.37,108.3 1 1
rtb-generator/task.go:109.2,109.19 1 1
rtb-generator/task.go:112.43,117.2 4 1
rtb-generator/task.go:119.50,123.9 4 1
rtb-generator/task.go:123.9,125.3 1 1
rtb-generator/task.go:126.2,128.20 3 1
rtb-generator/task.go:131.36,136.28 5 1
rtb-generator/task.go:136.28,140.3 3 1
rtb-generator/task.go:141.2,141.14 1 1
rtb-generator/task.go:145.44,148.31 3 1
rtb-generator/task.go:148.31,150.3 1 1
rtb-generator/task.go:151.2,153.13 3 1
rtb-generator/task.go:156.53,160.28 4 1
rtb-generator/task.go:160.28,161.56 1 1
rtb-generator/task.go:161.56,163.4 1 1
rtb-generator/task.go:165.2,165.15 1 1
rtb-generator/task.go:169.34,171.28 2 1
rtb-generator/task.go:171.28,173.3 1 1
rtb-generator/task.go:174.2,175.16 2 1
rtb-generator/task.go:175.16,177.3 1 0
rtb-generator/task.go:178.2,178.45 1 1
rtb-generator/task.go:181.34,183.24 2 1
rtb-generator/task.go:183.24,185.3 1 1
rtb-generator/task.go:186.2,186.16 1 1
rtb-generator/task.go:186.16,188.3 1 1
rtb-generator/task.go:189.2,189.20 1 1
rtb-generator/task.go:189.20,191.3 1 1
rtb-generator/task.go:192.2,193.53 2 1
rtb-generator/task.go:193.53,195.3 1 1
rtb-generator/task.go:196.2,196.26 1 1
rtb-generator/task.go:196.26,198.3 1 1
rtb-generator/task.go:199.2,199.12 1 1
